
[2024-02-20 18:25:14][Louis]:Bonjour
[2024-02-20 18:25:16][Louis]:Qui
[2024-02-20 18:25:17][Louis]:est
[2024-02-20 18:25:18][Louis]:là
[2024-02-20 18:25:19][Louis]:???

[2024-02-20 18:25:37][Isaac]:Je suis là
[2024-02-20 18:25:42][Isaac]:Il se passe quoi ?
[2024-02-20 18:25:44][Isaac]:??
[2024-02-20 18:25:47][Isaac]:hein ???
[2024-02-20 18:25:51][Louis]:Bah rien
[2024-02-20 18:25:57][Louis]:je m'ennuyais
[2024-02-20 18:26:36][Isaac]:Ah d'accord
[2024-02-20 18:26:38][Isaac]:sinon
[2024-02-20 18:26:46][Isaac]:on dit
[2024-02-20 18:26:47][Isaac]:quoi
[2024-02-20 18:26:48][Isaac]:??
[2024-02-20 18:26:52][Louis]:rien
[2024-02-20 18:26:55][Louis]:attendons
[2024-02-20 18:26:57][Louis]:les
[2024-02-20 18:27:00][Louis]:auters
[2024-02-20 18:27:03][Louis]:*autres
[2024-02-20 18:27:13][Louis]: Ok ?
[2024-02-20 18:27:15][Isaac]:d'accord

